<?xml version="1.0" encoding="UTF-8"?>
<!-- Generated by org.testng.reporters.JUnitReportReporter -->
<testsuite hostname="DESKTOP-O4JH09O" failures="0" tests="3" name="org.redrover.UtilsTest" time="0.012" errors="0" timestamp="2023-04-02T17:55:20 EEST" skipped="0">
  <testcase classname="org.redrover.UtilsTest" name="testAbbr" time="0.005"/>
  <system-out/>
  <testcase classname="org.redrover.UtilsTest" name="testAbbreviate" time="0.007"/>
  <system-out/>
  <testcase classname="org.redrover.UtilsTest" name="testSum" time="0.000"/>
  <system-out/>
</testsuite> <!-- org.redrover.UtilsTest -->
